<?xml version="1.0" encoding="UTF-8"?>
<!-- Generated by org.testng.reporters.JUnitReportReporter -->
<testsuite hostname="DESKTOP-AVIS8DF" failures="0" tests="1" name="texvalley_testcases.Texvalley_responsive_2" time="18.059" errors="0" timestamp="2022-12-22T12:16:11 IST" skipped="0">
  <testcase classname="texvalley_testcases.Texvalley_responsive_2" name="iphone11_responsive" time="18.059"/>
  <system-out/>
</testsuite> <!-- texvalley_testcases.Texvalley_responsive_2 -->
