<?xml version="1.0" encoding="UTF-8"?>
<!-- Generated by org.testng.reporters.JUnitReportReporter -->
<testsuite hostname="DESKTOP-AVIS8DF" failures="0" tests="1" name="texvalley_testcases.Texvalley_Awards_Nomination_module" time="21.375" errors="0" timestamp="2022-12-20T17:54:44 IST" skipped="0">
  <testcase classname="texvalley_testcases.Texvalley_Awards_Nomination_module" name="Texvalley_Awards_Nomination_module_test" time="21.375"/>
  <system-out/>
</testsuite> <!-- texvalley_testcases.Texvalley_Awards_Nomination_module -->
