<?xml version="1.0" encoding="UTF-8"?>
<!-- Generated by org.testng.reporters.JUnitReportReporter -->
<testsuite hostname="DESKTOP-AVIS8DF" failures="0" tests="39" name="texvalley_testcases.Screenshot_test" time="3785.193" errors="0" timestamp="2022-12-27T11:08:26 IST" skipped="0">
  <testcase classname="texvalley_testcases.Screenshot_test" name="beforeTestMethod" time="85.326"/>
  <system-out/>
  <testcase classname="texvalley_testcases.Screenshot_test" name="beforeTestMethod" time="89.047"/>
  <system-out/>
  <testcase classname="texvalley_testcases.Screenshot_test" name="beforeTestMethod" time="100.046"/>
  <system-out/>
  <testcase classname="texvalley_testcases.Screenshot_test" name="beforeTestMethod" time="106.755"/>
  <system-out/>
  <testcase classname="texvalley_testcases.Screenshot_test" name="beforeTestMethod" time="107.543"/>
  <system-out/>
  <testcase classname="texvalley_testcases.Screenshot_test" name="beforeTestMethod" time="90.664"/>
  <system-out/>
  <testcase classname="texvalley_testcases.Screenshot_test" name="beforeTestMethod" time="103.191"/>
  <system-out/>
  <testcase classname="texvalley_testcases.Screenshot_test" name="beforeTestMethod" time="94.876"/>
  <system-out/>
  <testcase classname="texvalley_testcases.Screenshot_test" name="beforeTestMethod" time="101.137"/>
  <system-out/>
  <testcase classname="texvalley_testcases.Screenshot_test" name="beforeTestMethod" time="88.063"/>
  <system-out/>
  <testcase classname="texvalley_testcases.Screenshot_test" name="beforeTestMethod" time="98.088"/>
  <system-out/>
  <testcase classname="texvalley_testcases.Screenshot_test" name="beforeTestMethod" time="113.398"/>
  <system-out/>
  <testcase classname="texvalley_testcases.Screenshot_test" name="beforeTestMethod" time="82.957"/>
  <system-out/>
  <testcase classname="texvalley_testcases.Screenshot_test" name="beforeTestMethod" time="88.013"/>
  <system-out/>
  <testcase classname="texvalley_testcases.Screenshot_test" name="beforeTestMethod" time="90.519"/>
  <system-out/>
  <testcase classname="texvalley_testcases.Screenshot_test" name="beforeTestMethod" time="87.993"/>
  <system-out/>
  <testcase classname="texvalley_testcases.Screenshot_test" name="beforeTestMethod" time="103.973"/>
  <system-out/>
  <testcase classname="texvalley_testcases.Screenshot_test" name="beforeTestMethod" time="98.441"/>
  <system-out/>
  <testcase classname="texvalley_testcases.Screenshot_test" name="beforeTestMethod" time="91.422"/>
  <system-out/>
  <testcase classname="texvalley_testcases.Screenshot_test" name="beforeTestMethod" time="101.474"/>
  <system-out/>
  <testcase classname="texvalley_testcases.Screenshot_test" name="beforeTestMethod" time="88.281"/>
  <system-out/>
  <testcase classname="texvalley_testcases.Screenshot_test" name="beforeTestMethod" time="99.021"/>
  <system-out/>
  <testcase classname="texvalley_testcases.Screenshot_test" name="beforeTestMethod" time="110.775"/>
  <system-out/>
  <testcase classname="texvalley_testcases.Screenshot_test" name="beforeTestMethod" time="95.650"/>
  <system-out/>
  <testcase classname="texvalley_testcases.Screenshot_test" name="beforeTestMethod" time="98.360"/>
  <system-out/>
  <testcase classname="texvalley_testcases.Screenshot_test" name="beforeTestMethod" time="108.144"/>
  <system-out/>
  <testcase classname="texvalley_testcases.Screenshot_test" name="beforeTestMethod" time="87.055"/>
  <system-out/>
  <testcase classname="texvalley_testcases.Screenshot_test" name="beforeTestMethod" time="85.979"/>
  <system-out/>
  <testcase classname="texvalley_testcases.Screenshot_test" name="beforeTestMethod" time="91.456"/>
  <system-out/>
  <testcase classname="texvalley_testcases.Screenshot_test" name="beforeTestMethod" time="86.690"/>
  <system-out/>
  <testcase classname="texvalley_testcases.Screenshot_test" name="beforeTestMethod" time="102.270"/>
  <system-out/>
  <testcase classname="texvalley_testcases.Screenshot_test" name="beforeTestMethod" time="92.172"/>
  <system-out/>
  <testcase classname="texvalley_testcases.Screenshot_test" name="beforeTestMethod" time="88.674"/>
  <system-out/>
  <testcase classname="texvalley_testcases.Screenshot_test" name="beforeTestMethod" time="113.556"/>
  <system-out/>
  <testcase classname="texvalley_testcases.Screenshot_test" name="beforeTestMethod" time="103.920"/>
  <system-out/>
  <testcase classname="texvalley_testcases.Screenshot_test" name="beforeTestMethod" time="100.644"/>
  <system-out/>
  <testcase classname="texvalley_testcases.Screenshot_test" name="beforeTestMethod" time="114.870"/>
  <system-out/>
  <testcase classname="texvalley_testcases.Screenshot_test" name="beforeTestMethod" time="90.536"/>
  <system-out/>
  <testcase classname="texvalley_testcases.Screenshot_test" name="beforeTestMethod" time="104.214"/>
  <system-out/>
</testsuite> <!-- texvalley_testcases.Screenshot_test -->
